<?xml version="1.0" encoding="UTF-8"?>
<!-- Generated by org.testng.reporters.JUnitReportReporter -->
<testsuite hostname="Pradeep" failures="0" tests="3" name="TestNG.Example06_Priority" time="0.011" errors="0" timestamp="2023-03-02T19:27:12 IST" skipped="0">
  <testcase classname="TestNG.Example06_Priority" name="Login" time="0.008"/>
  <system-out/>
  <testcase classname="TestNG.Example06_Priority" name="Logout" time="0.001"/>
  <system-out/>
  <testcase classname="TestNG.Example06_Priority" name="DashBoard" time="0.002"/>
  <system-out/>
</testsuite> <!-- TestNG.Example06_Priority -->
