<?xml version="1.0" encoding="UTF-8"?>
<!-- Generated by org.testng.reporters.JUnitReportReporter -->
<testsuite hostname="Pradeep" failures="0" tests="3" name="TestNG.Example07_Enable" time="0.010" errors="0" timestamp="2023-03-30T15:52:15 IST" skipped="1">
  <testcase classname="TestNG.Example07_Enable" name="Dashboard" time="0.007"/>
  <system-out/>
  <testcase classname="TestNG.Example07_Enable" name="Logout" time="0.003"/>
  <system-out/>
  <testcase classname="TestNG.Example07_Enable" name="login">
    <skipped/>
  </testcase> <!-- login -->
  <system-out/>
</testsuite> <!-- TestNG.Example07_Enable -->
