<?xml version="1.0" encoding="UTF-8"?>
<!-- Generated by org.testng.reporters.JUnitReportReporter -->
<testsuite hostname="Pradeep" failures="0" tests="1" name="TestNG.Example12_SumParameter" time="0.008" errors="0" timestamp="2023-03-30T16:44:21 IST" skipped="0">
  <testcase classname="TestNG.Example12_SumParameter" name="parameter" time="0.008"/>
  <system-out/>
</testsuite> <!-- TestNG.Example12_SumParameter -->
