<?xml version="1.0" encoding="UTF-8"?>
<!-- Generated by org.testng.reporters.JUnitReportReporter -->
<testsuite hostname="Pradeep" failures="0" tests="1" name="TestNG.Example13_multiplyParameter" time="0.002" errors="0" timestamp="2023-03-30T16:44:21 IST" skipped="0">
  <testcase classname="TestNG.Example13_multiplyParameter" name="multiply" time="0.002"/>
  <system-out/>
</testsuite> <!-- TestNG.Example13_multiplyParameter -->
