<?xml version="1.0" encoding="UTF-8"?>
<!-- Generated by org.testng.reporters.JUnitReportReporter -->
<testsuite hostname="Pradeep" failures="0" tests="1" name="TestNG.Example06_Priority" time="0.011" errors="0" timestamp="2023-03-27T21:33:45 IST" skipped="0">
  <testcase classname="TestNG.Example06_Priority" name="Logout" time="0.011"/>
  <system-out/>
</testsuite> <!-- TestNG.Example06_Priority -->
