<?xml version="1.0" encoding="UTF-8"?>
<!-- Generated by org.testng.reporters.JUnitReportReporter -->
<testsuite hostname="Pradeep" failures="0" tests="1" name="DEMO.OrangeHRM" time="7.169" errors="0" timestamp="2023-02-24T14:32:23 IST" skipped="0">
  <testcase classname="DEMO.OrangeHRM" name="f" time="7.169"/>
  <system-out/>
</testsuite> <!-- DEMO.OrangeHRM -->
