<?xml version="1.0" encoding="UTF-8"?>
<!-- Generated by org.testng.reporters.JUnitReportReporter -->
<testsuite hostname="Pradeep" failures="0" tests="3" name="TestNG.Example7_Enable" time="0.009" errors="0" timestamp="2023-02-21T14:20:22 IST" skipped="1">
  <testcase classname="TestNG.Example7_Enable" name="Dashboard" time="0.008"/>
  <system-out/>
  <testcase classname="TestNG.Example7_Enable" name="Logout" time="0.001"/>
  <system-out/>
  <testcase classname="TestNG.Example7_Enable" name="login">
    <skipped/>
  </testcase> <!-- login -->
  <system-out/>
</testsuite> <!-- TestNG.Example7_Enable -->
