<?xml version="1.0" encoding="UTF-8"?>
<!-- Generated by org.testng.reporters.JUnitReportReporter -->
<testsuite hostname="Pradeep" failures="0" tests="3" name="TestNG.Example03_Executeof2testcase" time="0.011" errors="0" timestamp="2023-03-11T20:19:06 IST" skipped="0">
  <testcase classname="TestNG.Example03_Executeof2testcase" name="run" time="0.006"/>
  <system-out/>
  <testcase classname="TestNG.Example03_Executeof2testcase" name="f" time="0.004"/>
  <system-out/>
  <testcase classname="TestNG.Example03_Executeof2testcase" name="Run" time="0.001"/>
  <system-out/>
</testsuite> <!-- TestNG.Example03_Executeof2testcase -->
