<?xml version="1.0" encoding="UTF-8"?>
<!-- Generated by org.testng.reporters.JUnitReportReporter -->
<testsuite hostname="Pradeep" failures="0" tests="1" name="TestNG.Example01_TestNGAnnotation" time="0.024" errors="0" timestamp="2023-03-02T19:26:52 IST" skipped="0">
  <testcase classname="TestNG.Example01_TestNGAnnotation" name="testcase" time="0.024"/>
  <system-out/>
</testsuite> <!-- TestNG.Example01_TestNGAnnotation -->
