<?xml version="1.0" encoding="UTF-8"?>
<!-- Generated by org.testng.reporters.JUnitReportReporter -->
<testsuite hostname="Pradeep" failures="0" tests="3" name="TestNG.Example3_Executeof2testcase" time="0.021" errors="0" timestamp="2023-02-21T11:28:28 IST" skipped="0">
  <testcase classname="TestNG.Example3_Executeof2testcase" name="run" time="0.011"/>
  <system-out/>
  <testcase classname="TestNG.Example3_Executeof2testcase" name="f" time="0.005"/>
  <system-out/>
  <testcase classname="TestNG.Example3_Executeof2testcase" name="Run" time="0.005"/>
  <system-out/>
</testsuite> <!-- TestNG.Example3_Executeof2testcase -->
