<?xml version="1.0" encoding="UTF-8"?>
<!-- Generated by org.testng.reporters.JUnitReportReporter -->
<testsuite hostname="Pradeep" failures="0" tests="3" name="TestNG.Example17_ParameterTest" time="130.739" errors="0" timestamp="2023-03-02T19:39:44 IST" skipped="0">
  <testcase classname="TestNG.Example17_ParameterTest" name="Firefox" time="108.948"/>
  <system-out/>
  <testcase classname="TestNG.Example17_ParameterTest" name="Chrome" time="10.930"/>
  <system-out/>
  <testcase classname="TestNG.Example17_ParameterTest" name="Edge" time="10.861"/>
  <system-out/>
</testsuite> <!-- TestNG.Example17_ParameterTest -->
