<?xml version="1.0" encoding="UTF-8"?>
<!-- Generated by org.testng.reporters.JUnitReportReporter -->
<testsuite hostname="Pradeep" failures="0" tests="1" name="TestNG.Example1_TestNGAnnotation" time="0.008" errors="0" timestamp="2023-02-17T10:59:38 IST" skipped="0">
  <testcase classname="TestNG.Example1_TestNGAnnotation" name="testcase" time="0.008"/>
  <system-out/>
</testsuite> <!-- TestNG.Example1_TestNGAnnotation -->
