<?xml version="1.0" encoding="UTF-8"?>
<!-- Generated by org.testng.reporters.JUnitReportReporter -->
<testsuite hostname="Pradeep" failures="0" tests="3" name="TestNG.Example6_Priority" time="0.013" errors="0" timestamp="2023-02-24T15:16:57 IST" skipped="0">
  <testcase classname="TestNG.Example6_Priority" name="Login" time="0.007"/>
  <system-out/>
  <testcase classname="TestNG.Example6_Priority" name="Logout" time="0.002"/>
  <system-out/>
  <testcase classname="TestNG.Example6_Priority" name="DashBoard" time="0.004"/>
  <system-out/>
</testsuite> <!-- TestNG.Example6_Priority -->
