<?xml version="1.0" encoding="UTF-8"?>
<!-- Generated by org.testng.reporters.JUnitReportReporter -->
<testsuite hostname="Pradeep" failures="0" tests="1" name="DEMO.Time_OrangeHRM" time="5.826" errors="0" timestamp="2023-02-24T14:36:53 IST" skipped="0">
  <testcase classname="DEMO.Time_OrangeHRM" name="Duration" time="5.826"/>
  <system-out/>
</testsuite> <!-- DEMO.Time_OrangeHRM -->
