<?xml version="1.0" encoding="UTF-8"?>
<!-- Generated by org.testng.reporters.JUnitReportReporter -->
<testsuite hostname="Pradeep" failures="0" tests="3" name="TestNG.Example11_DataProvider" time="0.009" errors="0" timestamp="2023-03-11T20:35:06 IST" skipped="0">
  <testcase classname="TestNG.Example11_DataProvider" name="login" time="0.007"/>
  <system-out/>
  <testcase classname="TestNG.Example11_DataProvider" name="login" time="0.001"/>
  <system-out/>
  <testcase classname="TestNG.Example11_DataProvider" name="login" time="0.001"/>
  <system-out/>
</testsuite> <!-- TestNG.Example11_DataProvider -->
