<?xml version="1.0" encoding="UTF-8"?>
<!-- Generated by org.testng.reporters.JUnitReportReporter -->
<testsuite hostname="Pradeep" failures="0" tests="3" name="TestNG.Example03_Executeof2testcase" time="0.015" errors="0" timestamp="2023-03-02T19:27:02 IST" skipped="0">
  <testcase classname="TestNG.Example03_Executeof2testcase" name="run" time="0.011"/>
  <system-out/>
  <testcase classname="TestNG.Example03_Executeof2testcase" name="f" time="0.002"/>
  <system-out/>
  <testcase classname="TestNG.Example03_Executeof2testcase" name="Run" time="0.002"/>
  <system-out/>
</testsuite> <!-- TestNG.Example03_Executeof2testcase -->
